Using pre-set license
Built from '2020.3/staging' branch; Version is '2020.3.11f1 (99c7afb366b3) revision 10078127'; Using compiler version '192528614'; Build Type 'Release'
OS: 'Windows 7  (6.1.0) 64bit' Language: 'ru' Physical Memory: 16343 MB
BatchMode: 1, IsHumanControllingUs: 0, StartBugReporterOnCrash: 0, Is64bit: 1, IsPro: 0

 COMMAND LINE ARGUMENTS:
C:\Program Files\Unity\Hub\Editor\2020.3.11f1\Editor\Unity.exe
-adb2
-batchMode
-noUpm
-name
AssetImportWorker0
-projectPath
E:/unity3d_workspace/Project Boost
-logFile
Logs/AssetImportWorker0.log
-srvPort
58978
Successfully changed project path to: E:/unity3d_workspace/Project Boost
E:/unity3d_workspace/Project Boost
Using Asset Import Pipeline V2.
Refreshing native plugins compatible for Editor in 60.41 ms, found 2 plugins.
Preloading 0 native plugins for Editor in 0.00 ms.
Initialize engine version: 2020.3.11f1 (99c7afb366b3)
[Subsystems] Discovering subsystems at path C:/Program Files/Unity/Hub/Editor/2020.3.11f1/Editor/Data/Resources/UnitySubsystems
[Subsystems] Discovering subsystems at path E:/unity3d_workspace/Project Boost/Assets
GfxDevice: creating device client; threaded=0
d3d11: CreateDXGIFactory2(...) not found, fallbacking to CreateDXGIFactory1(...).
d3d11: QueryInterface(IDXGIFactory5) failed (80004002).
Direct3D:
    Version:  Direct3D 11.0 [level 11.0]
    Renderer: Radeon (TM) RX 470 Graphics (ID=0x67df)
    Vendor:   
    VRAM:     4073 MB
    Driver:   27.20.14501.28009
Initialize mono
Mono path[0] = 'C:/Program Files/Unity/Hub/Editor/2020.3.11f1/Editor/Data/Managed'
Mono path[1] = 'C:/Program Files/Unity/Hub/Editor/2020.3.11f1/Editor/Data/MonoBleedingEdge/lib/mono/unityjit'
Mono config path = 'C:/Program Files/Unity/Hub/Editor/2020.3.11f1/Editor/Data/MonoBleedingEdge/etc'
Using monoOptions --debugger-agent=transport=dt_socket,embedding=1,server=y,suspend=n,address=127.0.0.1:56256
Begin MonoManager ReloadAssembly
Registering precompiled unity dll's ...
Register platform support module: C:/Program Files/Unity/Hub/Editor/2020.3.11f1/Editor/Data/PlaybackEngines/WebGLSupport/UnityEditor.WebGL.Extensions.dll
Register platform support module: C:/Program Files/Unity/Hub/Editor/2020.3.11f1/Editor/Data/PlaybackEngines/WindowsStandaloneSupport/UnityEditor.WindowsStandalone.Extensions.dll
Register platform support module: C:/Program Files/Unity/Hub/Editor/2020.3.11f1/Editor/Data/PlaybackEngines/LinuxStandaloneSupport/UnityEditor.LinuxStandalone.Extensions.dll
Registered in 0.002713 seconds.
Native extension for LinuxStandalone target not found
Native extension for WindowsStandalone target not found
Native extension for WebGL target not found
Refreshing native plugins compatible for Editor in 60.16 ms, found 2 plugins.
Preloading 0 native plugins for Editor in 0.00 ms.
Mono: successfully reloaded assembly
- Completed reload, in  3.126 seconds
Platform modules already initialized, skipping
Registering precompiled user dll's ...
Registered in 0.004324 seconds.
Begin MonoManager ReloadAssembly
Native extension for LinuxStandalone target not found
Native extension for WindowsStandalone target not found
Native extension for WebGL target not found
Refreshing native plugins compatible for Editor in 0.80 ms, found 2 plugins.
Preloading 0 native plugins for Editor in 0.00 ms.
Mono: successfully reloaded assembly
- Completed reload, in  1.934 seconds
Platform modules already initialized, skipping
========================================================================
Worker process is ready to serve import requests
Launched and connected shader compiler UnityShaderCompiler.exe after 0.03 seconds
Refreshing native plugins compatible for Editor in 0.64 ms, found 2 plugins.
Preloading 0 native plugins for Editor in 0.00 ms.
Unloading 1395 Unused Serialized files (Serialized files now loaded: 0)
System memory in use before: 65.2 MB.
System memory in use after: 65.2 MB.

Unloading 19 unused Assets to reduce memory usage. Loaded Objects now: 1828.
Total: 4.755367 ms (FindLiveObjects: 0.503669 ms CreateObjectMapping: 0.084547 ms MarkObjects: 3.975493 ms  DeleteObjects: 0.184739 ms)

========================================================================
Received Import Request.
  path: Assets/Sounds
  artifactKey: Guid(d96337332135fac408da1924dec1e363) Importer(815301076,1909f56bfc062723c751e8b465ee728b)
Start importing Assets/Sounds using Guid(d96337332135fac408da1924dec1e363) Importer(815301076,1909f56bfc062723c751e8b465ee728b)  -> (artifact id: 'b69c96633f32a9d67893318571c6c410') in 0.007124 seconds
  Import took 0.012224 seconds .

========================================================================
Received Import Request.
  Time since last request: 1534.025176 seconds.
  path: Assets/Sounds/nitro.mp3
  artifactKey: Guid(6e6c2846bf2e0c04096817119eeda671) Importer(815301076,1909f56bfc062723c751e8b465ee728b)
Start importing Assets/Sounds/nitro.mp3 using Guid(6e6c2846bf2e0c04096817119eeda671) Importer(815301076,1909f56bfc062723c751e8b465ee728b)  -> (artifact id: 'b8f07172494d5d911a7cda1f252d1b4b') in 0.326920 seconds
  Import took 0.334277 seconds .

========================================================================
Received Import Request.
  Time since last request: 449.923515 seconds.
  path: Assets/Audio
  artifactKey: Guid(d96337332135fac408da1924dec1e363) Importer(815301076,1909f56bfc062723c751e8b465ee728b)
Start importing Assets/Audio using Guid(d96337332135fac408da1924dec1e363) Importer(815301076,1909f56bfc062723c751e8b465ee728b)  -> (artifact id: '685a79e5af51e077d514ccae24939ee6') in 0.003459 seconds
  Import took 0.012292 seconds .

========================================================================
Received Import Request.
  Time since last request: 2.426137 seconds.
  path: Assets/Scripts
  artifactKey: Guid(e649211099dc8e941a852ab2b6fb451a) Importer(815301076,1909f56bfc062723c751e8b465ee728b)
Start importing Assets/Scripts using Guid(e649211099dc8e941a852ab2b6fb451a) Importer(815301076,1909f56bfc062723c751e8b465ee728b)  -> (artifact id: '94c0b88b5cbb3be09f6cb3ab8b8b0c57') in 0.002015 seconds
  Import took 0.008570 seconds .

========================================================================
Received Import Request.
  Time since last request: 2.228457 seconds.
  path: Assets/Scripts/Movement.cs
  artifactKey: Guid(8f2be54da94810a4b872983cf32c0e2e) Importer(815301076,1909f56bfc062723c751e8b465ee728b)
Start importing Assets/Scripts/Movement.cs using Guid(8f2be54da94810a4b872983cf32c0e2e) Importer(815301076,1909f56bfc062723c751e8b465ee728b)  -> (artifact id: '688cbedbf2b942920a2f976ac0cb196e') in 0.003966 seconds
  Import took 0.009753 seconds .

========================================================================
Received Import Request.
  Time since last request: 0.007235 seconds.
  path: Assets/Scripts/Movement.cs
  artifactKey: Guid(8f2be54da94810a4b872983cf32c0e2e) Importer(815301076,1909f56bfc062723c751e8b465ee728b)
Start importing Assets/Scripts/Movement.cs using Guid(8f2be54da94810a4b872983cf32c0e2e) Importer(815301076,1909f56bfc062723c751e8b465ee728b)  -> (artifact id: '688cbedbf2b942920a2f976ac0cb196e') in 0.002423 seconds
  Import took 0.007645 seconds .

========================================================================
Received Prepare
Registering precompiled user dll's ...
Registered in 0.004460 seconds.
Begin MonoManager ReloadAssembly
Native extension for LinuxStandalone target not found
Native extension for WindowsStandalone target not found
Native extension for WebGL target not found
Refreshing native plugins compatible for Editor in 0.96 ms, found 2 plugins.
Preloading 0 native plugins for Editor in 0.00 ms.
Mono: successfully reloaded assembly
- Completed reload, in  2.384 seconds
Platform modules already initialized, skipping
Refreshing native plugins compatible for Editor in 0.69 ms, found 2 plugins.
Preloading 0 native plugins for Editor in 0.00 ms.
Unloading 1390 Unused Serialized files (Serialized files now loaded: 0)
System memory in use before: 68.2 MB.
System memory in use after: 68.3 MB.

Unloading 14 unused Assets to reduce memory usage. Loaded Objects now: 1840.
Total: 5.135074 ms (FindLiveObjects: 0.621613 ms CreateObjectMapping: 0.104404 ms MarkObjects: 4.301343 ms  DeleteObjects: 0.104104 ms)

========================================================================
Received Import Request.
  Time since last request: 160.084857 seconds.
  path: Assets/Scenes
  artifactKey: Guid(95470f57289e35144831ffd949b6ae69) Importer(815301076,1909f56bfc062723c751e8b465ee728b)
Start importing Assets/Scenes using Guid(95470f57289e35144831ffd949b6ae69) Importer(815301076,1909f56bfc062723c751e8b465ee728b)  -> (artifact id: '6fa04cf8e09042a491c090e7e580b100') in 0.008821 seconds
  Import took 0.015359 seconds .

========================================================================
Received Prepare
Registering precompiled user dll's ...
Registered in 0.002671 seconds.
Begin MonoManager ReloadAssembly
Native extension for LinuxStandalone target not found
Native extension for WindowsStandalone target not found
Native extension for WebGL target not found
Refreshing native plugins compatible for Editor in 1.12 ms, found 2 plugins.
Preloading 0 native plugins for Editor in 0.00 ms.
Mono: successfully reloaded assembly
- Completed reload, in  2.577 seconds
Platform modules already initialized, skipping
Refreshing native plugins compatible for Editor in 1.12 ms, found 2 plugins.
Preloading 0 native plugins for Editor in 0.00 ms.
Unloading 1390 Unused Serialized files (Serialized files now loaded: 0)
System memory in use before: 68.3 MB.
System memory in use after: 68.3 MB.

Unloading 14 unused Assets to reduce memory usage. Loaded Objects now: 1843.
Total: 6.947259 ms (FindLiveObjects: 0.751291 ms CreateObjectMapping: 0.157058 ms MarkObjects: 5.933603 ms  DeleteObjects: 0.102599 ms)

========================================================================
Received Prepare
Registering precompiled user dll's ...
Registered in 0.004096 seconds.
Begin MonoManager ReloadAssembly
Native extension for LinuxStandalone target not found
Native extension for WindowsStandalone target not found
Native extension for WebGL target not found
Refreshing native plugins compatible for Editor in 0.99 ms, found 2 plugins.
Preloading 0 native plugins for Editor in 0.00 ms.
Mono: successfully reloaded assembly
- Completed reload, in  2.458 seconds
Platform modules already initialized, skipping
Refreshing native plugins compatible for Editor in 1.45 ms, found 2 plugins.
Preloading 0 native plugins for Editor in 0.00 ms.
Unloading 1390 Unused Serialized files (Serialized files now loaded: 0)
System memory in use before: 68.3 MB.
System memory in use after: 68.3 MB.

Unloading 14 unused Assets to reduce memory usage. Loaded Objects now: 1846.
Total: 4.436437 ms (FindLiveObjects: 0.739256 ms CreateObjectMapping: 0.166084 ms MarkObjects: 3.450161 ms  DeleteObjects: 0.078228 ms)

========================================================================
Received Prepare
Registering precompiled user dll's ...
Registered in 0.003821 seconds.
Begin MonoManager ReloadAssembly
Native extension for LinuxStandalone target not found
Native extension for WindowsStandalone target not found
Native extension for WebGL target not found
Refreshing native plugins compatible for Editor in 1.05 ms, found 2 plugins.
Preloading 0 native plugins for Editor in 0.00 ms.
Mono: successfully reloaded assembly
- Completed reload, in  2.292 seconds
Platform modules already initialized, skipping
Refreshing native plugins compatible for Editor in 0.74 ms, found 2 plugins.
Preloading 0 native plugins for Editor in 0.00 ms.
Unloading 1390 Unused Serialized files (Serialized files now loaded: 0)
System memory in use before: 68.3 MB.
System memory in use after: 68.4 MB.

Unloading 14 unused Assets to reduce memory usage. Loaded Objects now: 1849.
Total: 8.244040 ms (FindLiveObjects: 0.962808 ms CreateObjectMapping: 0.323443 ms MarkObjects: 6.813368 ms  DeleteObjects: 0.138103 ms)

========================================================================
Received Prepare
Registering precompiled user dll's ...
Registered in 0.004594 seconds.
Begin MonoManager ReloadAssembly
Native extension for LinuxStandalone target not found
Native extension for WindowsStandalone target not found
Native extension for WebGL target not found
Refreshing native plugins compatible for Editor in 0.87 ms, found 2 plugins.
Preloading 0 native plugins for Editor in 0.00 ms.
Mono: successfully reloaded assembly
- Completed reload, in  2.145 seconds
Platform modules already initialized, skipping
Refreshing native plugins compatible for Editor in 1.60 ms, found 2 plugins.
Preloading 0 native plugins for Editor in 0.00 ms.
Unloading 1390 Unused Serialized files (Serialized files now loaded: 0)
System memory in use before: 68.3 MB.
System memory in use after: 68.4 MB.

Unloading 14 unused Assets to reduce memory usage. Loaded Objects now: 1852.
Total: 4.448171 ms (FindLiveObjects: 0.417919 ms CreateObjectMapping: 0.083343 ms MarkObjects: 3.837992 ms  DeleteObjects: 0.105909 ms)

========================================================================
Received Prepare
Registering precompiled user dll's ...
Registered in 0.004548 seconds.
Begin MonoManager ReloadAssembly
Native extension for LinuxStandalone target not found
Native extension for WindowsStandalone target not found
Native extension for WebGL target not found
Refreshing native plugins compatible for Editor in 1.60 ms, found 2 plugins.
Preloading 0 native plugins for Editor in 0.00 ms.
Mono: successfully reloaded assembly
- Completed reload, in  2.341 seconds
Platform modules already initialized, skipping
Refreshing native plugins compatible for Editor in 1.90 ms, found 2 plugins.
Preloading 0 native plugins for Editor in 0.00 ms.
Unloading 1390 Unused Serialized files (Serialized files now loaded: 0)
System memory in use before: 68.3 MB.
System memory in use after: 68.4 MB.

Unloading 14 unused Assets to reduce memory usage. Loaded Objects now: 1855.
Total: 6.183933 ms (FindLiveObjects: 0.734141 ms CreateObjectMapping: 0.096883 ms MarkObjects: 5.239479 ms  DeleteObjects: 0.110121 ms)

========================================================================
Received Import Request.
  Time since last request: 1644.996229 seconds.
  path: ProjectSettings/TagManager.asset
  artifactKey: Guid(00000000000000003000000000000000) Importer(815301076,1909f56bfc062723c751e8b465ee728b)
Start importing ProjectSettings/TagManager.asset using Guid(00000000000000003000000000000000) Importer(815301076,1909f56bfc062723c751e8b465ee728b)  -> (artifact id: '95df672b4aaba54310d34c83eef51bb8') in 0.026516 seconds
  Import took 0.031119 seconds .

========================================================================
Received Import Request.
  Time since last request: 64.748853 seconds.
  path: ProjectSettings/TagManager.asset
  artifactKey: Guid(00000000000000003000000000000000) Importer(815301076,1909f56bfc062723c751e8b465ee728b)
Start importing ProjectSettings/TagManager.asset using Guid(00000000000000003000000000000000) Importer(815301076,1909f56bfc062723c751e8b465ee728b)  -> (artifact id: '3e0fe32dea808750eff3b4845aba701b') in 0.003512 seconds
  Import took 0.009754 seconds .

========================================================================
Received Import Request.
  Time since last request: 23.418639 seconds.
  path: Assets/Scripts/CollisionHandler.cs
  artifactKey: Guid(0b3bafabcfbac024cae8626cf07dcb2e) Importer(815301076,1909f56bfc062723c751e8b465ee728b)
Start importing Assets/Scripts/CollisionHandler.cs using Guid(0b3bafabcfbac024cae8626cf07dcb2e) Importer(815301076,1909f56bfc062723c751e8b465ee728b)  -> (artifact id: 'd1d10f331af1f1e85b6264551ac6d243') in 0.002498 seconds
  Import took 0.014787 seconds .

========================================================================
Received Prepare
Registering precompiled user dll's ...
Registered in 0.004911 seconds.
Begin MonoManager ReloadAssembly
Native extension for LinuxStandalone target not found
Native extension for WindowsStandalone target not found
Native extension for WebGL target not found
Refreshing native plugins compatible for Editor in 1.59 ms, found 2 plugins.
Preloading 0 native plugins for Editor in 0.00 ms.
Mono: successfully reloaded assembly
- Completed reload, in  2.609 seconds
Platform modules already initialized, skipping
Refreshing native plugins compatible for Editor in 1.03 ms, found 2 plugins.
Preloading 0 native plugins for Editor in 0.00 ms.
Unloading 1391 Unused Serialized files (Serialized files now loaded: 0)
System memory in use before: 68.3 MB.
System memory in use after: 68.4 MB.

Unloading 16 unused Assets to reduce memory usage. Loaded Objects now: 1859.
Total: 5.325229 ms (FindLiveObjects: 0.298771 ms CreateObjectMapping: 0.072812 ms MarkObjects: 4.781543 ms  DeleteObjects: 0.169996 ms)

========================================================================
Received Prepare
Registering precompiled user dll's ...
Registered in 0.002565 seconds.
Begin MonoManager ReloadAssembly
Native extension for LinuxStandalone target not found
Native extension for WindowsStandalone target not found
Native extension for WebGL target not found
Refreshing native plugins compatible for Editor in 0.99 ms, found 2 plugins.
Preloading 0 native plugins for Editor in 0.00 ms.
Mono: successfully reloaded assembly
- Completed reload, in  2.233 seconds
Platform modules already initialized, skipping
Refreshing native plugins compatible for Editor in 0.64 ms, found 2 plugins.
Preloading 0 native plugins for Editor in 0.00 ms.
Unloading 1391 Unused Serialized files (Serialized files now loaded: 0)
System memory in use before: 68.3 MB.
System memory in use after: 68.4 MB.

Unloading 14 unused Assets to reduce memory usage. Loaded Objects now: 1862.
Total: 7.843272 ms (FindLiveObjects: 1.943668 ms CreateObjectMapping: 0.379106 ms MarkObjects: 5.400147 ms  DeleteObjects: 0.116139 ms)

========================================================================
Received Prepare
Registering precompiled user dll's ...
Registered in 0.003715 seconds.
Begin MonoManager ReloadAssembly
Native extension for LinuxStandalone target not found
Native extension for WindowsStandalone target not found
Native extension for WebGL target not found
Refreshing native plugins compatible for Editor in 1.01 ms, found 2 plugins.
Preloading 0 native plugins for Editor in 0.00 ms.
Mono: successfully reloaded assembly
- Completed reload, in  2.680 seconds
Platform modules already initialized, skipping
Refreshing native plugins compatible for Editor in 0.94 ms, found 2 plugins.
Preloading 0 native plugins for Editor in 0.00 ms.
Unloading 1391 Unused Serialized files (Serialized files now loaded: 0)
System memory in use before: 68.3 MB.
System memory in use after: 68.4 MB.

Unloading 14 unused Assets to reduce memory usage. Loaded Objects now: 1865.
Total: 6.994497 ms (FindLiveObjects: 0.553614 ms CreateObjectMapping: 0.099290 ms MarkObjects: 6.158659 ms  DeleteObjects: 0.179925 ms)

========================================================================
Received Prepare
Registering precompiled user dll's ...
Registered in 0.004893 seconds.
Begin MonoManager ReloadAssembly
Native extension for LinuxStandalone target not found
Native extension for WindowsStandalone target not found
Native extension for WebGL target not found
Refreshing native plugins compatible for Editor in 0.70 ms, found 2 plugins.
Preloading 0 native plugins for Editor in 0.00 ms.
Mono: successfully reloaded assembly
- Completed reload, in  2.352 seconds
Platform modules already initialized, skipping
Refreshing native plugins compatible for Editor in 0.86 ms, found 2 plugins.
Preloading 0 native plugins for Editor in 0.00 ms.
Unloading 1391 Unused Serialized files (Serialized files now loaded: 0)
System memory in use before: 68.4 MB.
System memory in use after: 68.4 MB.

Unloading 14 unused Assets to reduce memory usage. Loaded Objects now: 1868.
Total: 5.225338 ms (FindLiveObjects: 0.349620 ms CreateObjectMapping: 0.067998 ms MarkObjects: 4.682555 ms  DeleteObjects: 0.121855 ms)

========================================================================
Received Prepare
Registering precompiled user dll's ...
Registered in 0.003925 seconds.
Begin MonoManager ReloadAssembly
Native extension for LinuxStandalone target not found
Native extension for WindowsStandalone target not found
Native extension for WebGL target not found
Refreshing native plugins compatible for Editor in 0.85 ms, found 2 plugins.
Preloading 0 native plugins for Editor in 0.00 ms.
Mono: successfully reloaded assembly
- Completed reload, in  2.213 seconds
Platform modules already initialized, skipping
Refreshing native plugins compatible for Editor in 0.76 ms, found 2 plugins.
Preloading 0 native plugins for Editor in 0.00 ms.
Unloading 1391 Unused Serialized files (Serialized files now loaded: 0)
System memory in use before: 68.4 MB.
System memory in use after: 68.4 MB.

Unloading 14 unused Assets to reduce memory usage. Loaded Objects now: 1871.
Total: 7.228278 ms (FindLiveObjects: 1.067814 ms CreateObjectMapping: 0.164580 ms MarkObjects: 5.874330 ms  DeleteObjects: 0.116139 ms)

========================================================================
Received Prepare
Registering precompiled user dll's ...
Registered in 0.002404 seconds.
Begin MonoManager ReloadAssembly
Native extension for LinuxStandalone target not found
Native extension for WindowsStandalone target not found
Native extension for WebGL target not found
Refreshing native plugins compatible for Editor in 1.18 ms, found 2 plugins.
Preloading 0 native plugins for Editor in 0.00 ms.
Mono: successfully reloaded assembly
- Completed reload, in  2.238 seconds
Platform modules already initialized, skipping
Refreshing native plugins compatible for Editor in 0.99 ms, found 2 plugins.
Preloading 0 native plugins for Editor in 0.00 ms.
Unloading 1391 Unused Serialized files (Serialized files now loaded: 0)
System memory in use before: 68.4 MB.
System memory in use after: 68.4 MB.

Unloading 14 unused Assets to reduce memory usage. Loaded Objects now: 1874.
Total: 8.317755 ms (FindLiveObjects: 1.450530 ms CreateObjectMapping: 0.503669 ms MarkObjects: 6.248321 ms  DeleteObjects: 0.111024 ms)

========================================================================
Received Prepare
Registering precompiled user dll's ...
Registered in 0.003586 seconds.
Begin MonoManager ReloadAssembly
Native extension for LinuxStandalone target not found
Native extension for WindowsStandalone target not found
Native extension for WebGL target not found
Refreshing native plugins compatible for Editor in 0.95 ms, found 2 plugins.
Preloading 0 native plugins for Editor in 0.00 ms.
Mono: successfully reloaded assembly
- Completed reload, in  2.333 seconds
Platform modules already initialized, skipping
Refreshing native plugins compatible for Editor in 0.93 ms, found 2 plugins.
Preloading 0 native plugins for Editor in 0.00 ms.
Unloading 1391 Unused Serialized files (Serialized files now loaded: 0)
System memory in use before: 68.4 MB.
System memory in use after: 68.4 MB.

Unloading 14 unused Assets to reduce memory usage. Loaded Objects now: 1877.
Total: 8.892732 ms (FindLiveObjects: 0.825908 ms CreateObjectMapping: 0.198579 ms MarkObjects: 7.567066 ms  DeleteObjects: 0.144120 ms)

========================================================================
Received Import Request.
  Time since last request: 8693.486157 seconds.
  path: Assets/Scenes/SampleScene.unity
  artifactKey: Guid(9fc0d4010bbf28b4594072e72b8655ab) Importer(815301076,1909f56bfc062723c751e8b465ee728b)
Start importing Assets/Scenes/SampleScene.unity using Guid(9fc0d4010bbf28b4594072e72b8655ab) Importer(815301076,1909f56bfc062723c751e8b465ee728b)  -> (artifact id: '34274213e5cd85f431a80c7c9594c24b') in 0.028498 seconds
  Import took 0.034351 seconds .

========================================================================
Received Import Request.
  Time since last request: 70.998420 seconds.
  path: Assets/Scenes/Fly Over.unity
  artifactKey: Guid(9fc0d4010bbf28b4594072e72b8655ab) Importer(815301076,1909f56bfc062723c751e8b465ee728b)
Start importing Assets/Scenes/Fly Over.unity using Guid(9fc0d4010bbf28b4594072e72b8655ab) Importer(815301076,1909f56bfc062723c751e8b465ee728b)  -> (artifact id: '013eb9ff22acfac1e0e1f28f84265084') in 0.003109 seconds
  Import took 0.009120 seconds .

========================================================================
Received Import Request.
  Time since last request: 154.519180 seconds.
  path: Assets/Materials
  artifactKey: Guid(fcbe11a2793a54b43bb91ff744b30ac6) Importer(815301076,1909f56bfc062723c751e8b465ee728b)
Start importing Assets/Materials using Guid(fcbe11a2793a54b43bb91ff744b30ac6) Importer(815301076,1909f56bfc062723c751e8b465ee728b)  -> (artifact id: 'b639721d87918603d52babcdc653ba4b') in 0.002901 seconds
  Import took 0.009869 seconds .

========================================================================
Received Import Request.
  Time since last request: 41.780545 seconds.
  path: Assets/Scenes/Fly Under.unity
  artifactKey: Guid(c527bce9d716b9849851a147a4823713) Importer(815301076,1909f56bfc062723c751e8b465ee728b)
Start importing Assets/Scenes/Fly Under.unity using Guid(c527bce9d716b9849851a147a4823713) Importer(815301076,1909f56bfc062723c751e8b465ee728b)  -> (artifact id: '3e19120bf7207d2b37b72c80ce46a7d5') in 0.003058 seconds
  Import took 0.007783 seconds .

========================================================================
Received Import Request.
  Time since last request: 38.976390 seconds.
  path: Assets/Scenes/Fly Over.unity
  artifactKey: Guid(9fc0d4010bbf28b4594072e72b8655ab) Importer(815301076,1909f56bfc062723c751e8b465ee728b)
Start importing Assets/Scenes/Fly Over.unity using Guid(9fc0d4010bbf28b4594072e72b8655ab) Importer(815301076,1909f56bfc062723c751e8b465ee728b)  -> (artifact id: 'c5c8580f83db0127390ee45b4d71f2e2') in 0.002711 seconds
  Import took 0.008441 seconds .

========================================================================
Received Import Request.
  Time since last request: 6.892236 seconds.
  path: Assets/Scenes/Fly Over.unity
  artifactKey: Guid(9fc0d4010bbf28b4594072e72b8655ab) Importer(815301076,1909f56bfc062723c751e8b465ee728b)
Start importing Assets/Scenes/Fly Over.unity using Guid(9fc0d4010bbf28b4594072e72b8655ab) Importer(815301076,1909f56bfc062723c751e8b465ee728b)  -> (artifact id: '103419f187360cb90676e3724aaf82c5') in 0.002570 seconds
  Import took 0.007662 seconds .

========================================================================
Received Import Request.
  Time since last request: 5.926740 seconds.
  path: Assets/Scenes/Over.unity
  artifactKey: Guid(9fc0d4010bbf28b4594072e72b8655ab) Importer(815301076,1909f56bfc062723c751e8b465ee728b)
Start importing Assets/Scenes/Over.unity using Guid(9fc0d4010bbf28b4594072e72b8655ab) Importer(815301076,1909f56bfc062723c751e8b465ee728b)  -> (artifact id: 'bcd39b71453a6ccd2641edd1ad4e4612') in 0.002801 seconds
  Import took 0.008928 seconds .

========================================================================
Received Import Request.
  Time since last request: 4.379437 seconds.
  path: Assets/Scenes/Under.unity
  artifactKey: Guid(c527bce9d716b9849851a147a4823713) Importer(815301076,1909f56bfc062723c751e8b465ee728b)
Start importing Assets/Scenes/Under.unity using Guid(c527bce9d716b9849851a147a4823713) Importer(815301076,1909f56bfc062723c751e8b465ee728b)  -> (artifact id: 'f7d0a5937115f15217ccb2ce5aced349') in 0.004396 seconds
  Import took 0.011472 seconds .

========================================================================
Received Import Request.
  Time since last request: 34.010798 seconds.
  path: Assets/Scenes/Under.unity
  artifactKey: Guid(c527bce9d716b9849851a147a4823713) Importer(815301076,1909f56bfc062723c751e8b465ee728b)
Start importing Assets/Scenes/Under.unity using Guid(c527bce9d716b9849851a147a4823713) Importer(815301076,1909f56bfc062723c751e8b465ee728b)  -> (artifact id: '810ab1bfb8c074ca31f2890b8764fd65') in 0.002531 seconds
  Import took 0.007472 seconds .

========================================================================
Received Import Request.
  Time since last request: 8.354004 seconds.
  path: Assets/Scenes/Over 1.unity
  artifactKey: Guid(33ff237c5798377449c4fbb55ee2f6fb) Importer(815301076,1909f56bfc062723c751e8b465ee728b)
Start importing Assets/Scenes/Over 1.unity using Guid(33ff237c5798377449c4fbb55ee2f6fb) Importer(815301076,1909f56bfc062723c751e8b465ee728b)  -> (artifact id: 'd6a9b27a24e255488b7fb81bebdd9d72') in 0.002703 seconds
  Import took 0.007174 seconds .

========================================================================
Received Import Request.
  Time since last request: 4.809970 seconds.
  path: Assets/Scenes/Under.unity
  artifactKey: Guid(33ff237c5798377449c4fbb55ee2f6fb) Importer(815301076,1909f56bfc062723c751e8b465ee728b)
Start importing Assets/Scenes/Under.unity using Guid(33ff237c5798377449c4fbb55ee2f6fb) Importer(815301076,1909f56bfc062723c751e8b465ee728b)  -> (artifact id: 'a5ac5239d86735def7283762f59dde82') in 0.002310 seconds
  Import took 0.007300 seconds .

========================================================================
Received Prepare
Registering precompiled user dll's ...
Registered in 0.004155 seconds.
Begin MonoManager ReloadAssembly
Native extension for LinuxStandalone target not found
Native extension for WindowsStandalone target not found
Native extension for WebGL target not found
Refreshing native plugins compatible for Editor in 0.82 ms, found 2 plugins.
Preloading 0 native plugins for Editor in 0.00 ms.
Mono: successfully reloaded assembly
- Completed reload, in  2.166 seconds
Platform modules already initialized, skipping
Refreshing native plugins compatible for Editor in 0.65 ms, found 2 plugins.
Preloading 0 native plugins for Editor in 0.00 ms.
Unloading 1391 Unused Serialized files (Serialized files now loaded: 0)
System memory in use before: 68.4 MB.
System memory in use after: 68.5 MB.

Unloading 14 unused Assets to reduce memory usage. Loaded Objects now: 1880.
Total: 7.950685 ms (FindLiveObjects: 0.817484 ms CreateObjectMapping: 0.185040 ms MarkObjects: 6.708964 ms  DeleteObjects: 0.234985 ms)

========================================================================
Received Prepare
Registering precompiled user dll's ...
Registered in 0.003786 seconds.
Begin MonoManager ReloadAssembly
Native extension for LinuxStandalone target not found
Native extension for WindowsStandalone target not found
Native extension for WebGL target not found
Refreshing native plugins compatible for Editor in 0.87 ms, found 2 plugins.
Preloading 0 native plugins for Editor in 0.00 ms.
Mono: successfully reloaded assembly
- Completed reload, in  2.277 seconds
Platform modules already initialized, skipping
Refreshing native plugins compatible for Editor in 1.00 ms, found 2 plugins.
Preloading 0 native plugins for Editor in 0.00 ms.
Unloading 1391 Unused Serialized files (Serialized files now loaded: 0)
System memory in use before: 68.4 MB.
System memory in use after: 68.5 MB.

Unloading 14 unused Assets to reduce memory usage. Loaded Objects now: 1883.
Total: 4.030854 ms (FindLiveObjects: 0.613188 ms CreateObjectMapping: 0.315620 ms MarkObjects: 3.015092 ms  DeleteObjects: 0.083343 ms)

========================================================================
Received Prepare
Registering precompiled user dll's ...
Registered in 0.003372 seconds.
Begin MonoManager ReloadAssembly
Native extension for LinuxStandalone target not found
Native extension for WindowsStandalone target not found
Native extension for WebGL target not found
Refreshing native plugins compatible for Editor in 1.00 ms, found 2 plugins.
Preloading 0 native plugins for Editor in 0.00 ms.
Mono: successfully reloaded assembly
- Completed reload, in  2.195 seconds
Platform modules already initialized, skipping
Refreshing native plugins compatible for Editor in 1.05 ms, found 2 plugins.
Preloading 0 native plugins for Editor in 0.00 ms.
Unloading 1391 Unused Serialized files (Serialized files now loaded: 0)
System memory in use before: 68.4 MB.
System memory in use after: 68.5 MB.

Unloading 14 unused Assets to reduce memory usage. Loaded Objects now: 1886.
Total: 6.048237 ms (FindLiveObjects: 0.538270 ms CreateObjectMapping: 0.088458 ms MarkObjects: 5.330344 ms  DeleteObjects: 0.087555 ms)

========================================================================
Received Prepare
Registering precompiled user dll's ...
Registered in 0.002576 seconds.
Begin MonoManager ReloadAssembly
Native extension for LinuxStandalone target not found
Native extension for WindowsStandalone target not found
Native extension for WebGL target not found
Refreshing native plugins compatible for Editor in 1.29 ms, found 2 plugins.
Preloading 0 native plugins for Editor in 0.00 ms.
Mono: successfully reloaded assembly
- Completed reload, in  1.869 seconds
Platform modules already initialized, skipping
Refreshing native plugins compatible for Editor in 0.92 ms, found 2 plugins.
Preloading 0 native plugins for Editor in 0.00 ms.
Unloading 1391 Unused Serialized files (Serialized files now loaded: 0)
System memory in use before: 68.4 MB.
System memory in use after: 68.5 MB.

Unloading 14 unused Assets to reduce memory usage. Loaded Objects now: 1889.
Total: 5.439863 ms (FindLiveObjects: 0.697735 ms CreateObjectMapping: 0.118546 ms MarkObjects: 4.544151 ms  DeleteObjects: 0.076724 ms)

========================================================================
Received Prepare
Registering precompiled user dll's ...
Registered in 0.004281 seconds.
Begin MonoManager ReloadAssembly
Native extension for LinuxStandalone target not found
Native extension for WindowsStandalone target not found
Native extension for WebGL target not found
Refreshing native plugins compatible for Editor in 1.01 ms, found 2 plugins.
Preloading 0 native plugins for Editor in 0.00 ms.
Mono: successfully reloaded assembly
- Completed reload, in  2.442 seconds
Platform modules already initialized, skipping
Refreshing native plugins compatible for Editor in 1.10 ms, found 2 plugins.
Preloading 0 native plugins for Editor in 0.00 ms.
Unloading 1391 Unused Serialized files (Serialized files now loaded: 0)
System memory in use before: 68.4 MB.
System memory in use after: 68.5 MB.

Unloading 14 unused Assets to reduce memory usage. Loaded Objects now: 1892.
Total: 4.812835 ms (FindLiveObjects: 0.267480 ms CreateObjectMapping: 0.066193 ms MarkObjects: 4.368439 ms  DeleteObjects: 0.108015 ms)

========================================================================
Received Prepare
Registering precompiled user dll's ...
Registered in 0.004639 seconds.
Begin MonoManager ReloadAssembly
Native extension for LinuxStandalone target not found
Native extension for WindowsStandalone target not found
Native extension for WebGL target not found
Refreshing native plugins compatible for Editor in 0.85 ms, found 2 plugins.
Preloading 0 native plugins for Editor in 0.00 ms.
Mono: successfully reloaded assembly
- Completed reload, in  2.431 seconds
Platform modules already initialized, skipping
Refreshing native plugins compatible for Editor in 1.44 ms, found 2 plugins.
Preloading 0 native plugins for Editor in 0.00 ms.
Unloading 1391 Unused Serialized files (Serialized files now loaded: 0)
System memory in use before: 68.5 MB.
System memory in use after: 68.5 MB.

Unloading 14 unused Assets to reduce memory usage. Loaded Objects now: 1895.
Total: 6.478793 ms (FindLiveObjects: 0.611985 ms CreateObjectMapping: 0.117944 ms MarkObjects: 5.660406 ms  DeleteObjects: 0.085750 ms)

========================================================================
Received Prepare
Registering precompiled user dll's ...
Registered in 0.004194 seconds.
Begin MonoManager ReloadAssembly
Native extension for LinuxStandalone target not found
Native extension for WindowsStandalone target not found
Native extension for WebGL target not found
Refreshing native plugins compatible for Editor in 0.84 ms, found 2 plugins.
Preloading 0 native plugins for Editor in 0.00 ms.
Mono: successfully reloaded assembly
- Completed reload, in  2.466 seconds
Platform modules already initialized, skipping
Refreshing native plugins compatible for Editor in 1.45 ms, found 2 plugins.
Preloading 0 native plugins for Editor in 0.00 ms.
Unloading 1391 Unused Serialized files (Serialized files now loaded: 0)
System memory in use before: 68.5 MB.
System memory in use after: 68.5 MB.

Unloading 14 unused Assets to reduce memory usage. Loaded Objects now: 1898.
Total: 4.905806 ms (FindLiveObjects: 0.433263 ms CreateObjectMapping: 0.095378 ms MarkObjects: 4.262530 ms  DeleteObjects: 0.111626 ms)

========================================================================
Received Prepare
Registering precompiled user dll's ...
Registered in 0.004208 seconds.
Begin MonoManager ReloadAssembly
Native extension for LinuxStandalone target not found
Native extension for WindowsStandalone target not found
Native extension for WebGL target not found
Refreshing native plugins compatible for Editor in 1.62 ms, found 2 plugins.
Preloading 0 native plugins for Editor in 0.00 ms.
Mono: successfully reloaded assembly
- Completed reload, in  2.792 seconds
Platform modules already initialized, skipping
Refreshing native plugins compatible for Editor in 1.32 ms, found 2 plugins.
Preloading 0 native plugins for Editor in 0.00 ms.
Unloading 1391 Unused Serialized files (Serialized files now loaded: 0)
System memory in use before: 68.5 MB.
System memory in use after: 68.5 MB.

Unloading 14 unused Assets to reduce memory usage. Loaded Objects now: 1901.
Total: 7.374806 ms (FindLiveObjects: 0.522022 ms CreateObjectMapping: 0.099290 ms MarkObjects: 6.586808 ms  DeleteObjects: 0.162173 ms)

========================================================================
Received Prepare
Registering precompiled user dll's ...
Registered in 0.005888 seconds.
Begin MonoManager ReloadAssembly
Native extension for LinuxStandalone target not found
Native extension for WindowsStandalone target not found
Native extension for WebGL target not found
Refreshing native plugins compatible for Editor in 2.03 ms, found 2 plugins.
Preloading 0 native plugins for Editor in 0.00 ms.
Mono: successfully reloaded assembly
- Completed reload, in  2.710 seconds
Platform modules already initialized, skipping
Refreshing native plugins compatible for Editor in 1.32 ms, found 2 plugins.
Preloading 0 native plugins for Editor in 0.00 ms.
Unloading 1391 Unused Serialized files (Serialized files now loaded: 0)
System memory in use before: 68.5 MB.
System memory in use after: 68.5 MB.

Unloading 14 unused Assets to reduce memory usage. Loaded Objects now: 1904.
Total: 6.543181 ms (FindLiveObjects: 0.700743 ms CreateObjectMapping: 0.156456 ms MarkObjects: 5.564727 ms  DeleteObjects: 0.117944 ms)

========================================================================
Received Prepare
Registering precompiled user dll's ...
Registered in 0.003913 seconds.
Begin MonoManager ReloadAssembly
Native extension for LinuxStandalone target not found
Native extension for WindowsStandalone target not found
Native extension for WebGL target not found
Refreshing native plugins compatible for Editor in 1.30 ms, found 2 plugins.
Preloading 0 native plugins for Editor in 0.00 ms.
Mono: successfully reloaded assembly
- Completed reload, in  2.494 seconds
Platform modules already initialized, skipping
Refreshing native plugins compatible for Editor in 0.95 ms, found 2 plugins.
Preloading 0 native plugins for Editor in 0.00 ms.
Unloading 1391 Unused Serialized files (Serialized files now loaded: 0)
System memory in use before: 68.5 MB.
System memory in use after: 68.5 MB.

Unloading 14 unused Assets to reduce memory usage. Loaded Objects now: 1907.
Total: 7.422645 ms (FindLiveObjects: 0.445299 ms CreateObjectMapping: 0.089962 ms MarkObjects: 6.773954 ms  DeleteObjects: 0.109820 ms)

========================================================================
Received Prepare
Registering precompiled user dll's ...
Registered in 0.003907 seconds.
Begin MonoManager ReloadAssembly
Native extension for LinuxStandalone target not found
Native extension for WindowsStandalone target not found
Native extension for WebGL target not found
Refreshing native plugins compatible for Editor in 0.87 ms, found 2 plugins.
Preloading 0 native plugins for Editor in 0.00 ms.
Mono: successfully reloaded assembly
- Completed reload, in  1.921 seconds
Platform modules already initialized, skipping
Refreshing native plugins compatible for Editor in 0.64 ms, found 2 plugins.
Preloading 0 native plugins for Editor in 0.00 ms.
Unloading 1391 Unused Serialized files (Serialized files now loaded: 0)
System memory in use before: 68.5 MB.
System memory in use after: 68.6 MB.

Unloading 14 unused Assets to reduce memory usage. Loaded Objects now: 1910.
Total: 4.929876 ms (FindLiveObjects: 0.691416 ms CreateObjectMapping: 0.127572 ms MarkObjects: 4.004377 ms  DeleteObjects: 0.102599 ms)

========================================================================
Received Import Request.
  Time since last request: 3305.281531 seconds.
  path: Assets/Audio/SFX - Death Explosion.ogg
  artifactKey: Guid(c8c7f8093076ae941ba82d152ce07a74) Importer(815301076,1909f56bfc062723c751e8b465ee728b)
Start importing Assets/Audio/SFX - Death Explosion.ogg using Guid(c8c7f8093076ae941ba82d152ce07a74) Importer(815301076,1909f56bfc062723c751e8b465ee728b)  -> (artifact id: 'fb0212b4e1652da0567cd039f9a71c3b') in 0.093271 seconds
  Import took 0.098366 seconds .

========================================================================
Received Import Request.
  Time since last request: 0.000236 seconds.
  path: Assets/Audio/SFX - Success.ogg
  artifactKey: Guid(355b3cbd4d932e54e9a2fd9a739a0c67) Importer(815301076,1909f56bfc062723c751e8b465ee728b)
Start importing Assets/Audio/SFX - Success.ogg using Guid(355b3cbd4d932e54e9a2fd9a739a0c67) Importer(815301076,1909f56bfc062723c751e8b465ee728b)  -> (artifact id: '25fd7e043fdb522c57b557a33be77737') in 0.013222 seconds
  Import took 0.017912 seconds .

========================================================================
Received Prepare
Registering precompiled user dll's ...
Registered in 0.005083 seconds.
Begin MonoManager ReloadAssembly
Native extension for LinuxStandalone target not found
Native extension for WindowsStandalone target not found
Native extension for WebGL target not found
Refreshing native plugins compatible for Editor in 1.98 ms, found 2 plugins.
Preloading 0 native plugins for Editor in 0.00 ms.
Mono: successfully reloaded assembly
- Completed reload, in  2.772 seconds
Platform modules already initialized, skipping
Refreshing native plugins compatible for Editor in 1.33 ms, found 2 plugins.
Preloading 0 native plugins for Editor in 0.00 ms.
Unloading 1391 Unused Serialized files (Serialized files now loaded: 0)
System memory in use before: 68.5 MB.
System memory in use after: 68.6 MB.

Unloading 14 unused Assets to reduce memory usage. Loaded Objects now: 1914.
Total: 6.161668 ms (FindLiveObjects: 0.506978 ms CreateObjectMapping: 0.098688 ms MarkObjects: 5.427226 ms  DeleteObjects: 0.125767 ms)

========================================================================
Received Prepare
Registering precompiled user dll's ...
Registered in 0.004149 seconds.
Begin MonoManager ReloadAssembly
Native extension for LinuxStandalone target not found
Native extension for WindowsStandalone target not found
Native extension for WebGL target not found
Refreshing native plugins compatible for Editor in 1.50 ms, found 2 plugins.
Preloading 0 native plugins for Editor in 0.00 ms.
Mono: successfully reloaded assembly
- Completed reload, in  2.642 seconds
Platform modules already initialized, skipping
Refreshing native plugins compatible for Editor in 1.12 ms, found 2 plugins.
Preloading 0 native plugins for Editor in 0.00 ms.
Unloading 1391 Unused Serialized files (Serialized files now loaded: 0)
System memory in use before: 68.5 MB.
System memory in use after: 68.6 MB.

Unloading 14 unused Assets to reduce memory usage. Loaded Objects now: 1917.
Total: 5.428430 ms (FindLiveObjects: 0.456130 ms CreateObjectMapping: 0.081237 ms MarkObjects: 4.779738 ms  DeleteObjects: 0.108918 ms)

========================================================================
Received Prepare
Registering precompiled user dll's ...
Registered in 0.005069 seconds.
Begin MonoManager ReloadAssembly
Native extension for LinuxStandalone target not found
Native extension for WindowsStandalone target not found
Native extension for WebGL target not found
Refreshing native plugins compatible for Editor in 1.48 ms, found 2 plugins.
Preloading 0 native plugins for Editor in 0.00 ms.
Mono: successfully reloaded assembly
- Completed reload, in  3.134 seconds
Platform modules already initialized, skipping
Refreshing native plugins compatible for Editor in 1.55 ms, found 2 plugins.
Preloading 0 native plugins for Editor in 0.00 ms.
Unloading 1391 Unused Serialized files (Serialized files now loaded: 0)
System memory in use before: 68.5 MB.
System memory in use after: 68.6 MB.

Unloading 14 unused Assets to reduce memory usage. Loaded Objects now: 1920.
Total: 6.598843 ms (FindLiveObjects: 0.529243 ms CreateObjectMapping: 0.089962 ms MarkObjects: 5.882755 ms  DeleteObjects: 0.093874 ms)

========================================================================
Received Prepare
Registering precompiled user dll's ...
Registered in 0.011265 seconds.
Begin MonoManager ReloadAssembly
Native extension for LinuxStandalone target not found
Native extension for WindowsStandalone target not found
Native extension for WebGL target not found
Refreshing native plugins compatible for Editor in 1.33 ms, found 2 plugins.
Preloading 0 native plugins for Editor in 0.00 ms.
Mono: successfully reloaded assembly
- Completed reload, in  2.736 seconds
Platform modules already initialized, skipping
Refreshing native plugins compatible for Editor in 3.40 ms, found 2 plugins.
Preloading 0 native plugins for Editor in 0.00 ms.
Unloading 1391 Unused Serialized files (Serialized files now loaded: 0)
System memory in use before: 68.5 MB.
System memory in use after: 68.6 MB.

Unloading 14 unused Assets to reduce memory usage. Loaded Objects now: 1923.
Total: 9.261006 ms (FindLiveObjects: 1.335896 ms CreateObjectMapping: 0.424237 ms MarkObjects: 7.275215 ms  DeleteObjects: 0.220543 ms)

========================================================================
Received Prepare
Registering precompiled user dll's ...
Registered in 0.004009 seconds.
Begin MonoManager ReloadAssembly
Native extension for LinuxStandalone target not found
Native extension for WindowsStandalone target not found
Native extension for WebGL target not found
Refreshing native plugins compatible for Editor in 0.98 ms, found 2 plugins.
Preloading 0 native plugins for Editor in 0.00 ms.
Mono: successfully reloaded assembly
- Completed reload, in  2.828 seconds
Platform modules already initialized, skipping
Refreshing native plugins compatible for Editor in 4.52 ms, found 2 plugins.
Preloading 0 native plugins for Editor in 0.00 ms.
Unloading 1391 Unused Serialized files (Serialized files now loaded: 0)
System memory in use before: 68.5 MB.
System memory in use after: 68.6 MB.

Unloading 14 unused Assets to reduce memory usage. Loaded Objects now: 1926.
Total: 5.991071 ms (FindLiveObjects: 0.562340 ms CreateObjectMapping: 0.100493 ms MarkObjects: 5.179303 ms  DeleteObjects: 0.145926 ms)

========================================================================
Received Prepare
Registering precompiled user dll's ...
Registered in 0.004222 seconds.
Begin MonoManager ReloadAssembly
Native extension for LinuxStandalone target not found
Native extension for WindowsStandalone target not found
Native extension for WebGL target not found
Refreshing native plugins compatible for Editor in 1.83 ms, found 2 plugins.
Preloading 0 native plugins for Editor in 0.00 ms.
Mono: successfully reloaded assembly
- Completed reload, in  2.656 seconds
Platform modules already initialized, skipping
Refreshing native plugins compatible for Editor in 1.54 ms, found 2 plugins.
Preloading 0 native plugins for Editor in 0.00 ms.
Unloading 1391 Unused Serialized files (Serialized files now loaded: 0)
System memory in use before: 68.5 MB.
System memory in use after: 68.6 MB.

Unloading 14 unused Assets to reduce memory usage. Loaded Objects now: 1929.
Total: 7.574588 ms (FindLiveObjects: 0.557827 ms CreateObjectMapping: 0.114935 ms MarkObjects: 6.742061 ms  DeleteObjects: 0.155854 ms)

========================================================================
Received Import Request.
  Time since last request: 23709.340525 seconds.
  path: Assets/Prefabs/Rocket.prefab
  artifactKey: Guid(8737dfbe6c1905e429b0361314d5f11e) Importer(815301076,1909f56bfc062723c751e8b465ee728b)
Start importing Assets/Prefabs/Rocket.prefab using Guid(8737dfbe6c1905e429b0361314d5f11e) Importer(815301076,1909f56bfc062723c751e8b465ee728b)  -> (artifact id: 'a70f33e2cf1fea2907a21304533dc7ea') in 0.223296 seconds
  Import took 0.231195 seconds .

========================================================================
Received Import Request.
  Time since last request: 11.167893 seconds.
  path: Assets/Prefabs/Rocket.prefab
  artifactKey: Guid(8737dfbe6c1905e429b0361314d5f11e) Importer(815301076,1909f56bfc062723c751e8b465ee728b)
Start importing Assets/Prefabs/Rocket.prefab using Guid(8737dfbe6c1905e429b0361314d5f11e) Importer(815301076,1909f56bfc062723c751e8b465ee728b)  -> (artifact id: '6e8d74b9b227321e65282cb1dcc19f45') in 0.028157 seconds
  Import took 0.034794 seconds .

========================================================================
Received Import Request.
  Time since last request: 8.173746 seconds.
  path: Assets/Prefabs/Rocket.prefab
  artifactKey: Guid(8737dfbe6c1905e429b0361314d5f11e) Importer(815301076,1909f56bfc062723c751e8b465ee728b)
Start importing Assets/Prefabs/Rocket.prefab using Guid(8737dfbe6c1905e429b0361314d5f11e) Importer(815301076,1909f56bfc062723c751e8b465ee728b)  -> (artifact id: 'db0b636c9fbd4f3143196eb4ff8f53a2') in 0.069060 seconds
  Import took 0.075442 seconds .

========================================================================
Received Import Request.
  Time since last request: 4.656706 seconds.
  path: Assets/Prefabs/Rocket.prefab
  artifactKey: Guid(8737dfbe6c1905e429b0361314d5f11e) Importer(815301076,1909f56bfc062723c751e8b465ee728b)
Start importing Assets/Prefabs/Rocket.prefab using Guid(8737dfbe6c1905e429b0361314d5f11e) Importer(815301076,1909f56bfc062723c751e8b465ee728b)  -> (artifact id: '7d5b419c5758667a47f355294a8aa4ac') in 0.022561 seconds
  Import took 0.029560 seconds .

========================================================================
Received Import Request.
  Time since last request: 4.085444 seconds.
  path: Assets/Prefabs/Rocket.prefab
  artifactKey: Guid(8737dfbe6c1905e429b0361314d5f11e) Importer(815301076,1909f56bfc062723c751e8b465ee728b)
Start importing Assets/Prefabs/Rocket.prefab using Guid(8737dfbe6c1905e429b0361314d5f11e) Importer(815301076,1909f56bfc062723c751e8b465ee728b)  -> (artifact id: '58e1be5c342a2c32b09b08dee5ee8645') in 0.018785 seconds
  Import took 0.026756 seconds .

========================================================================
Received Import Request.
  Time since last request: 13.080370 seconds.
  path: Assets/Prefabs/Rocket.prefab
  artifactKey: Guid(8737dfbe6c1905e429b0361314d5f11e) Importer(815301076,1909f56bfc062723c751e8b465ee728b)
Start importing Assets/Prefabs/Rocket.prefab using Guid(8737dfbe6c1905e429b0361314d5f11e) Importer(815301076,1909f56bfc062723c751e8b465ee728b)  -> (artifact id: 'bf2444a59ae6ae92c2e6fdad156570bd') in 0.022837 seconds
  Import took 0.030320 seconds .

========================================================================
Received Import Request.
  Time since last request: 10.849611 seconds.
  path: Assets/Prefabs/Rocket.prefab
  artifactKey: Guid(8737dfbe6c1905e429b0361314d5f11e) Importer(815301076,1909f56bfc062723c751e8b465ee728b)
Start importing Assets/Prefabs/Rocket.prefab using Guid(8737dfbe6c1905e429b0361314d5f11e) Importer(815301076,1909f56bfc062723c751e8b465ee728b)  -> (artifact id: 'f57f86d995413876986b2bf339b0aeba') in 0.034364 seconds
  Import took 0.042815 seconds .

========================================================================
Received Import Request.
  Time since last request: 6.186376 seconds.
  path: Assets/Prefabs/Rocket.prefab
  artifactKey: Guid(8737dfbe6c1905e429b0361314d5f11e) Importer(815301076,1909f56bfc062723c751e8b465ee728b)
Start importing Assets/Prefabs/Rocket.prefab using Guid(8737dfbe6c1905e429b0361314d5f11e) Importer(815301076,1909f56bfc062723c751e8b465ee728b)  -> (artifact id: 'aee3b710993e856fd128f1740d9b5c49') in 0.033734 seconds
  Import took 0.040252 seconds .

========================================================================
Received Import Request.
  Time since last request: 3.462390 seconds.
  path: Assets/Prefabs/Rocket.prefab
  artifactKey: Guid(8737dfbe6c1905e429b0361314d5f11e) Importer(815301076,1909f56bfc062723c751e8b465ee728b)
Start importing Assets/Prefabs/Rocket.prefab using Guid(8737dfbe6c1905e429b0361314d5f11e) Importer(815301076,1909f56bfc062723c751e8b465ee728b)  -> (artifact id: 'fdc4346f076ef6941d387340eae8499f') in 0.021373 seconds
  Import took 0.031404 seconds .

========================================================================
Received Import Request.
  Time since last request: 20.268660 seconds.
  path: Assets/Prefabs/Rocket.prefab
  artifactKey: Guid(8737dfbe6c1905e429b0361314d5f11e) Importer(815301076,1909f56bfc062723c751e8b465ee728b)
Start importing Assets/Prefabs/Rocket.prefab using Guid(8737dfbe6c1905e429b0361314d5f11e) Importer(815301076,1909f56bfc062723c751e8b465ee728b)  -> (artifact id: '08422e106fe7d411fc72041d1399ae47') in 0.018047 seconds
  Import took 0.026384 seconds .

========================================================================
Received Prepare
Registering precompiled user dll's ...
Registered in 0.004278 seconds.
Begin MonoManager ReloadAssembly
Native extension for LinuxStandalone target not found
Native extension for WindowsStandalone target not found
Native extension for WebGL target not found
Refreshing native plugins compatible for Editor in 0.94 ms, found 2 plugins.
Preloading 0 native plugins for Editor in 0.00 ms.
Mono: successfully reloaded assembly
- Completed reload, in  2.243 seconds
Platform modules already initialized, skipping
Refreshing native plugins compatible for Editor in 0.67 ms, found 2 plugins.
Preloading 0 native plugins for Editor in 0.00 ms.
Unloading 1391 Unused Serialized files (Serialized files now loaded: 0)
System memory in use before: 68.6 MB.
System memory in use after: 68.7 MB.

Unloading 15 unused Assets to reduce memory usage. Loaded Objects now: 1936.
Total: 5.741643 ms (FindLiveObjects: 0.680886 ms CreateObjectMapping: 0.103803 ms MarkObjects: 4.846232 ms  DeleteObjects: 0.105608 ms)

========================================================================
Received Import Request.
  Time since last request: 181.426240 seconds.
  path: Assets/Prefabs/Rocket.prefab
  artifactKey: Guid(8737dfbe6c1905e429b0361314d5f11e) Importer(815301076,1909f56bfc062723c751e8b465ee728b)
Start importing Assets/Prefabs/Rocket.prefab using Guid(8737dfbe6c1905e429b0361314d5f11e) Importer(815301076,1909f56bfc062723c751e8b465ee728b)  -> (artifact id: 'f19b6b922251d6a6c1a103dc0df2181a') in 0.117747 seconds
  Import took 0.124065 seconds .

========================================================================
Received Import Request.
  Time since last request: 7.272298 seconds.
  path: Assets/Prefabs/Rocket.prefab
  artifactKey: Guid(8737dfbe6c1905e429b0361314d5f11e) Importer(815301076,1909f56bfc062723c751e8b465ee728b)
Start importing Assets/Prefabs/Rocket.prefab using Guid(8737dfbe6c1905e429b0361314d5f11e) Importer(815301076,1909f56bfc062723c751e8b465ee728b)  -> (artifact id: '1afa83b47a2f498711224f379e386e15') in 0.017473 seconds
  Import took 0.023587 seconds .

========================================================================
Received Import Request.
  Time since last request: 3.912411 seconds.
  path: Assets/Prefabs/Rocket.prefab
  artifactKey: Guid(8737dfbe6c1905e429b0361314d5f11e) Importer(815301076,1909f56bfc062723c751e8b465ee728b)
Start importing Assets/Prefabs/Rocket.prefab using Guid(8737dfbe6c1905e429b0361314d5f11e) Importer(815301076,1909f56bfc062723c751e8b465ee728b)  -> (artifact id: '4c007c1fb61dfd4d9246369ca89bf74c') in 0.014875 seconds
  Import took 0.020704 seconds .

========================================================================
Received Import Request.
  Time since last request: 5.236561 seconds.
  path: Assets/Prefabs/Rocket.prefab
  artifactKey: Guid(8737dfbe6c1905e429b0361314d5f11e) Importer(815301076,1909f56bfc062723c751e8b465ee728b)
Start importing Assets/Prefabs/Rocket.prefab using Guid(8737dfbe6c1905e429b0361314d5f11e) Importer(815301076,1909f56bfc062723c751e8b465ee728b)  -> (artifact id: 'a006c8a260044e5c93673b0e9decf6fa') in 0.017585 seconds
  Import took 0.023903 seconds .

========================================================================
Received Import Request.
  Time since last request: 0.571048 seconds.
  path: Assets/Prefabs/Rocket.prefab
  artifactKey: Guid(8737dfbe6c1905e429b0361314d5f11e) Importer(815301076,1909f56bfc062723c751e8b465ee728b)
Start importing Assets/Prefabs/Rocket.prefab using Guid(8737dfbe6c1905e429b0361314d5f11e) Importer(815301076,1909f56bfc062723c751e8b465ee728b)  -> (artifact id: 'dcfa2e19eb5a64f375135804608a242d') in 0.014791 seconds
  Import took 0.020895 seconds .

========================================================================
Received Import Request.
  Time since last request: 2.023739 seconds.
  path: Assets/Prefabs/Rocket.prefab
  artifactKey: Guid(8737dfbe6c1905e429b0361314d5f11e) Importer(815301076,1909f56bfc062723c751e8b465ee728b)
Start importing Assets/Prefabs/Rocket.prefab using Guid(8737dfbe6c1905e429b0361314d5f11e) Importer(815301076,1909f56bfc062723c751e8b465ee728b)  -> (artifact id: '757e77d9b845ba79ed6181124d4844b6') in 0.016642 seconds
  Import took 0.022359 seconds .

========================================================================
Received Import Request.
  Time since last request: 4.812134 seconds.
  path: Assets/Prefabs/Rocket.prefab
  artifactKey: Guid(8737dfbe6c1905e429b0361314d5f11e) Importer(815301076,1909f56bfc062723c751e8b465ee728b)
Start importing Assets/Prefabs/Rocket.prefab using Guid(8737dfbe6c1905e429b0361314d5f11e) Importer(815301076,1909f56bfc062723c751e8b465ee728b)  -> (artifact id: '4ae46848b75032a15034301594b0c2c0') in 0.020863 seconds
  Import took 0.027887 seconds .

========================================================================
Received Import Request.
  Time since last request: 7.312100 seconds.
  path: Assets/Prefabs/Rocket.prefab
  artifactKey: Guid(8737dfbe6c1905e429b0361314d5f11e) Importer(815301076,1909f56bfc062723c751e8b465ee728b)
Start importing Assets/Prefabs/Rocket.prefab using Guid(8737dfbe6c1905e429b0361314d5f11e) Importer(815301076,1909f56bfc062723c751e8b465ee728b)  -> (artifact id: '619796e4b397e353c55d7c82fb1ad6a1') in 0.016053 seconds
  Import took 0.022592 seconds .

========================================================================
Received Import Request.
  Time since last request: 5.673492 seconds.
  path: Assets/Prefabs/Rocket.prefab
  artifactKey: Guid(8737dfbe6c1905e429b0361314d5f11e) Importer(815301076,1909f56bfc062723c751e8b465ee728b)
Start importing Assets/Prefabs/Rocket.prefab using Guid(8737dfbe6c1905e429b0361314d5f11e) Importer(815301076,1909f56bfc062723c751e8b465ee728b)  -> (artifact id: '645f7996da137b357b6907f50715c410') in 0.045646 seconds
  Import took 0.051397 seconds .

========================================================================
Received Import Request.
  Time since last request: 7.523628 seconds.
  path: Assets/Prefabs/Rocket.prefab
  artifactKey: Guid(8737dfbe6c1905e429b0361314d5f11e) Importer(815301076,1909f56bfc062723c751e8b465ee728b)
Start importing Assets/Prefabs/Rocket.prefab using Guid(8737dfbe6c1905e429b0361314d5f11e) Importer(815301076,1909f56bfc062723c751e8b465ee728b)  -> (artifact id: '2dd1774f6875a88d266b0be06807bbe6') in 0.014842 seconds
  Import took 0.021175 seconds .

========================================================================
Received Import Request.
  Time since last request: 11.745446 seconds.
  path: Assets/Prefabs/Rocket.prefab
  artifactKey: Guid(8737dfbe6c1905e429b0361314d5f11e) Importer(815301076,1909f56bfc062723c751e8b465ee728b)
Start importing Assets/Prefabs/Rocket.prefab using Guid(8737dfbe6c1905e429b0361314d5f11e) Importer(815301076,1909f56bfc062723c751e8b465ee728b)  -> (artifact id: 'f68a36209504472136e33931d238c7e2') in 0.015253 seconds
  Import took 0.020449 seconds .

========================================================================
Received Prepare
Registering precompiled user dll's ...
Registered in 0.003541 seconds.
Begin MonoManager ReloadAssembly
Native extension for LinuxStandalone target not found
Native extension for WindowsStandalone target not found
Native extension for WebGL target not found
Refreshing native plugins compatible for Editor in 0.69 ms, found 2 plugins.
Preloading 0 native plugins for Editor in 0.00 ms.
Mono: successfully reloaded assembly
- Completed reload, in  1.827 seconds
Platform modules already initialized, skipping
Refreshing native plugins compatible for Editor in 1.10 ms, found 2 plugins.
Preloading 0 native plugins for Editor in 0.00 ms.
Unloading 1391 Unused Serialized files (Serialized files now loaded: 0)
System memory in use before: 68.6 MB.
System memory in use after: 68.7 MB.

Unloading 15 unused Assets to reduce memory usage. Loaded Objects now: 1940.
Total: 3.218485 ms (FindLiveObjects: 0.321638 ms CreateObjectMapping: 0.078830 ms MarkObjects: 2.704286 ms  DeleteObjects: 0.112227 ms)

AssetImportWorkerClient::OnTransportError - code=2 error=End of file
